TN:
SF:/Users/Lu/Desktop/blog-be/src/app.controller.ts
FN:6,(anonymous_2)
FN:9,(anonymous_3)
FNF:2
FNH:2
FNDA:5,(anonymous_2)
FNDA:1,(anonymous_3)
DA:1,2
DA:2,2
DA:5,2
DA:6,5
DA:9,2
DA:10,1
LF:6
LH:6
BRF:0
BRH:0
end_of_record
TN:
SF:/Users/Lu/Desktop/blog-be/src/app.module.ts
FNF:0
FNH:0
DA:1,1
DA:2,1
DA:3,1
DA:4,1
DA:5,1
DA:16,1
LF:6
LH:6
BRF:0
BRH:0
end_of_record
TN:
SF:/Users/Lu/Desktop/blog-be/src/app.service.ts
FN:5,(anonymous_1)
FNF:1
FNH:1
FNDA:1,(anonymous_1)
DA:1,2
DA:4,2
DA:6,1
LF:3
LH:3
BRF:0
BRH:0
end_of_record
TN:
SF:/Users/Lu/Desktop/blog-be/src/filters/http-exception.filter.ts
FN:7,(anonymous_1)
FNF:1
FNH:0
FNDA:0,(anonymous_1)
DA:1,1
DA:6,1
DA:8,0
DA:9,0
DA:10,0
DA:12,0
DA:13,0
DA:14,0
DA:23,0
DA:27,0
DA:28,0
DA:29,0
LF:12
LH:2
BRDA:24,0,0,0
BRDA:24,0,1,0
BRF:2
BRH:0
end_of_record
TN:
SF:/Users/Lu/Desktop/blog-be/src/interceptor/transform.interceptor.ts
FN:11,(anonymous_1)
FN:13,(anonymous_2)
FNF:2
FNH:0
FNDA:0,(anonymous_1)
FNDA:0,(anonymous_2)
DA:1,1
DA:3,1
DA:10,1
DA:12,0
DA:14,0
LF:5
LH:3
BRF:0
BRH:0
end_of_record
TN:
SF:/Users/Lu/Desktop/blog-be/src/login/UserDTO.ts
FNF:0
FNH:0
DA:1,1
DA:2,1
DA:4,1
DA:7,1
DA:10,1
LF:5
LH:5
BRF:0
BRH:0
end_of_record
TN:
SF:/Users/Lu/Desktop/blog-be/src/login/login.controller.ts
FN:10,(anonymous_4)
FN:18,(anonymous_5)
FN:28,(anonymous_6)
FNF:3
FNH:3
FNDA:8,(anonymous_4)
FNDA:2,(anonymous_5)
FNDA:2,(anonymous_6)
DA:1,1
DA:2,1
DA:3,1
DA:4,1
DA:8,1
DA:10,8
DA:18,1
DA:19,2
DA:28,1
DA:29,2
LF:10
LH:10
BRF:0
BRH:0
end_of_record
TN:
SF:/Users/Lu/Desktop/blog-be/src/login/login.module.ts
FNF:0
FNH:0
DA:1,1
DA:2,1
DA:3,1
DA:4,1
DA:5,1
DA:14,1
LF:6
LH:6
BRF:0
BRH:0
end_of_record
TN:
SF:/Users/Lu/Desktop/blog-be/src/login/login.service.ts
FN:9,(anonymous_4)
FN:11,(anonymous_5)
FN:20,(anonymous_6)
FNF:3
FNH:3
FNDA:8,(anonymous_4)
FNDA:2,(anonymous_5)
FNDA:2,(anonymous_6)
DA:2,1
DA:3,1
DA:5,1
DA:8,1
DA:9,8
DA:12,2
DA:13,2
DA:14,2
DA:15,1
DA:17,1
DA:21,2
DA:22,2
DA:23,2
DA:24,1
DA:26,1
LF:15
LH:15
BRDA:14,0,0,1
BRDA:14,0,1,1
BRDA:23,1,0,1
BRDA:23,1,1,1
BRF:4
BRH:4
end_of_record
TN:
SF:/Users/Lu/Desktop/blog-be/src/login/user.model.ts
FNF:0
FNH:0
DA:1,1
DA:3,1
DA:5,1
DA:7,1
LF:4
LH:4
BRF:0
BRH:0
end_of_record
